2020-06-07 21:16:27,244 INFO [main] org.apache.hadoop.metrics2.impl.MetricsConfig: loaded properties from hadoop-metrics2.properties
2020-06-07 21:16:27,385 INFO [main] org.apache.hadoop.metrics2.impl.MetricsSystemImpl: Scheduled snapshot period at 10 second(s).
2020-06-07 21:16:27,385 INFO [main] org.apache.hadoop.metrics2.impl.MetricsSystemImpl: MapTask metrics system started
2020-06-07 21:16:27,406 INFO [main] org.apache.hadoop.mapred.YarnChild: Executing with tokens:
2020-06-07 21:16:27,406 INFO [main] org.apache.hadoop.mapred.YarnChild: Kind: mapreduce.job, Service: job_1591578330124_0002, Ident: (org.apache.hadoop.mapreduce.security.token.JobTokenIdentifier@95063e9)
2020-06-07 21:16:27,585 INFO [main] org.apache.hadoop.mapred.YarnChild: Sleeping for 0ms before retrying again. Got null now.
2020-06-07 21:16:28,089 INFO [main] org.apache.hadoop.mapred.YarnChild: mapreduce.cluster.local.dir for child: /tmp/hadoop-root/nm-local-dir/usercache/root/appcache/application_1591578330124_0002
2020-06-07 21:16:28,602 INFO [main] org.apache.hadoop.conf.Configuration.deprecation: session.id is deprecated. Instead, use dfs.metrics.session-id
2020-06-07 21:16:29,259 INFO [main] org.apache.hadoop.mapreduce.lib.output.FileOutputCommitter: File Output Committer Algorithm version is 1
2020-06-07 21:16:29,279 INFO [main] org.apache.hadoop.mapred.Task:  Using ResourceCalculatorProcessTree : [ ]
2020-06-07 21:16:29,502 INFO [main] org.apache.hadoop.mapred.MapTask: Processing split: hdfs://dafd8627007e:9000/user/cloudera/average/input/access_log:0+174449
2020-06-07 21:16:29,662 INFO [main] org.apache.hadoop.mapred.MapTask: (EQUATOR) 0 kvi 26214396(104857584)
2020-06-07 21:16:29,663 INFO [main] org.apache.hadoop.mapred.MapTask: mapreduce.task.io.sort.mb: 100
2020-06-07 21:16:29,663 INFO [main] org.apache.hadoop.mapred.MapTask: soft limit at 83886080
2020-06-07 21:16:29,663 INFO [main] org.apache.hadoop.mapred.MapTask: bufstart = 0; bufvoid = 104857600
2020-06-07 21:16:29,663 INFO [main] org.apache.hadoop.mapred.MapTask: kvstart = 26214396; length = 6553600
2020-06-07 21:16:29,672 INFO [main] org.apache.hadoop.mapred.MapTask: Map output collector class = org.apache.hadoop.mapred.MapTask$MapOutputBuffer
2020-06-07 21:16:29,700 INFO [main] edu.mum.cs522.project1.InMapperAverageComputation$Map: Initializing in map
2020-06-07 21:16:29,828 INFO [main] edu.mum.cs522.project1.InMapperAverageComputation$Map: ---MAPPER OUTPUT---
2020-06-07 21:16:29,828 INFO [main] edu.mum.cs522.project1.InMapperAverageComputation$Map: (212.92.37.62, Pair (72981, 14))
2020-06-07 21:16:29,828 INFO [main] edu.mum.cs522.project1.InMapperAverageComputation$Map: (lhr003a.dhl.com, Pair (30310, 13))
2020-06-07 21:16:29,828 INFO [main] edu.mum.cs522.project1.InMapperAverageComputation$Map: (67.131.107.5, Pair (16465, 3))
2020-06-07 21:16:29,828 INFO [main] edu.mum.cs522.project1.InMapperAverageComputation$Map: (ppp2.p33.is.com.ua, Pair (10746, 3))
2020-06-07 21:16:29,828 INFO [main] edu.mum.cs522.project1.InMapperAverageComputation$Map: (bh02i525f01.au.ibm.com, Pair (2300, 1))
2020-06-07 21:16:29,828 INFO [main] edu.mum.cs522.project1.InMapperAverageComputation$Map: (lj1031.inktomisearch.com, Pair (209, 1))
2020-06-07 21:16:29,828 INFO [main] edu.mum.cs522.project1.InMapperAverageComputation$Map: (lj1153.inktomisearch.com, Pair (418, 2))
2020-06-07 21:16:29,828 INFO [main] edu.mum.cs522.project1.InMapperAverageComputation$Map: (pd9e761cf.dip.t-dialin.net, Pair (2300, 1))
2020-06-07 21:16:29,828 INFO [main] edu.mum.cs522.project1.InMapperAverageComputation$Map: (d207-6-50-215.bchsia.telus.net, Pair (3095, 1))
2020-06-07 21:16:29,829 INFO [main] edu.mum.cs522.project1.InMapperAverageComputation$Map: (h24-70-69-74.ca.shawcable.net, Pair (150461, 32))
2020-06-07 21:16:29,829 INFO [main] edu.mum.cs522.project1.InMapperAverageComputation$Map: (206-15-133-154.dialup.ziplink.net, Pair (0, 1))
2020-06-07 21:16:29,829 INFO [main] edu.mum.cs522.project1.InMapperAverageComputation$Map: (lj1036.inktomisearch.com, Pair (5415, 7))
2020-06-07 21:16:29,829 INFO [main] edu.mum.cs522.project1.InMapperAverageComputation$Map: (66.213.206.2, Pair (3169, 1))
2020-06-07 21:16:29,829 INFO [main] edu.mum.cs522.project1.InMapperAverageComputation$Map: (lj1162.inktomisearch.com, Pair (7768, 2))
2020-06-07 21:16:29,829 INFO [main] edu.mum.cs522.project1.InMapperAverageComputation$Map: (4.37.97.186, Pair (2446, 1))
2020-06-07 21:16:29,829 INFO [main] edu.mum.cs522.project1.InMapperAverageComputation$Map: (lj1125.inktomisearch.com, Pair (627, 3))
2020-06-07 21:16:29,829 INFO [main] edu.mum.cs522.project1.InMapperAverageComputation$Map: (200-55-104-193.dsl.prima.net.ar, Pair (28333, 13))
2020-06-07 21:16:29,829 INFO [main] edu.mum.cs522.project1.InMapperAverageComputation$Map: (216.139.185.45, Pair (6051, 1))
2020-06-07 21:16:29,829 INFO [main] edu.mum.cs522.project1.InMapperAverageComputation$Map: (208-38-57-205.ip.cal.radiant.net, Pair (42134, 11))
2020-06-07 21:16:29,829 INFO [main] edu.mum.cs522.project1.InMapperAverageComputation$Map: (cacher2-ext.wise.edt.ericsson.se, Pair (2869, 1))
2020-06-07 21:16:29,829 INFO [main] edu.mum.cs522.project1.InMapperAverageComputation$Map: (195.230.181.122, Pair (2300, 1))
2020-06-07 21:16:29,829 INFO [main] edu.mum.cs522.project1.InMapperAverageComputation$Map: (lj1024.inktomisearch.com, Pair (544, 8))
2020-06-07 21:16:29,829 INFO [main] edu.mum.cs522.project1.InMapperAverageComputation$Map: (mth-fgw.ballarat.edu.au, Pair (38141, 7))
2020-06-07 21:16:29,829 INFO [main] edu.mum.cs522.project1.InMapperAverageComputation$Map: (cpe-203-51-137-224.vic.bigpond.net.au, Pair (41851, 10))
2020-06-07 21:16:29,830 INFO [main] edu.mum.cs522.project1.InMapperAverageComputation$Map: (lj1231.inktomisearch.com, Pair (209, 1))
2020-06-07 21:16:29,830 INFO [main] edu.mum.cs522.project1.InMapperAverageComputation$Map: (lj1105.inktomisearch.com, Pair (209, 1))
2020-06-07 21:16:29,830 INFO [main] edu.mum.cs522.project1.InMapperAverageComputation$Map: (80-219-148-207.dclient.hispeed.ch, Pair (0, 1))
2020-06-07 21:16:29,830 INFO [main] edu.mum.cs522.project1.InMapperAverageComputation$Map: (92-moc-6.acn.waw.pl, Pair (9725, 3))
2020-06-07 21:16:29,830 INFO [main] edu.mum.cs522.project1.InMapperAverageComputation$Map: (dialup-5-81.tulane.edu, Pair (27978, 5))
2020-06-07 21:16:29,830 INFO [main] edu.mum.cs522.project1.InMapperAverageComputation$Map: (lj1088.inktomisearch.com, Pair (209, 1))
2020-06-07 21:16:29,830 INFO [main] edu.mum.cs522.project1.InMapperAverageComputation$Map: (ladybug.cns.vt.edu, Pair (24099, 5))
2020-06-07 21:16:29,830 INFO [main] edu.mum.cs522.project1.InMapperAverageComputation$Map: (adsl-64-173-42-65.dsl.snfc21.pacbell.net, Pair (2300, 1))
2020-06-07 21:16:29,830 INFO [main] edu.mum.cs522.project1.InMapperAverageComputation$Map: (lj1120.inktomisearch.com, Pair (5234, 1))
2020-06-07 21:16:29,830 INFO [main] edu.mum.cs522.project1.InMapperAverageComputation$Map: (prxint-sxb2.e-i.net, Pair (4022, 1))
2020-06-07 21:16:29,830 INFO [main] edu.mum.cs522.project1.InMapperAverageComputation$Map: (rouble.cc.strath.ac.uk, Pair (2869, 1))
2020-06-07 21:16:29,830 INFO [main] edu.mum.cs522.project1.InMapperAverageComputation$Map: (spica.ukc.ac.uk, Pair (3947, 2))
2020-06-07 21:16:29,830 INFO [main] edu.mum.cs522.project1.InMapperAverageComputation$Map: (66-194-6-79.gen.twtelecom.net, Pair (6338, 2))
2020-06-07 21:16:29,830 INFO [main] edu.mum.cs522.project1.InMapperAverageComputation$Map: (208.247.148.12, Pair (12268, 4))
2020-06-07 21:16:29,830 INFO [main] edu.mum.cs522.project1.InMapperAverageComputation$Map: (lj1216.inktomisearch.com, Pair (209, 1))
2020-06-07 21:16:29,830 INFO [main] edu.mum.cs522.project1.InMapperAverageComputation$Map: (watchguard.cgmatane.qc.ca, Pair (11482, 2))
2020-06-07 21:16:29,831 INFO [main] edu.mum.cs522.project1.InMapperAverageComputation$Map: (d207-6-9-183.bchsia.telus.net, Pair (10281, 3))
2020-06-07 21:16:29,831 INFO [main] edu.mum.cs522.project1.InMapperAverageComputation$Map: (fw.aub.dk, Pair (13269, 2))
2020-06-07 21:16:29,831 INFO [main] edu.mum.cs522.project1.InMapperAverageComputation$Map: (p213.54.168.132.tisdip.tiscali.de, Pair (69429, 12))
2020-06-07 21:16:29,831 INFO [main] edu.mum.cs522.project1.InMapperAverageComputation$Map: (lj1008.inktomisearch.com, Pair (627, 3))
2020-06-07 21:16:29,831 INFO [main] edu.mum.cs522.project1.InMapperAverageComputation$Map: (142.27.64.35, Pair (13465, 7))
2020-06-07 21:16:29,831 INFO [main] edu.mum.cs522.project1.InMapperAverageComputation$Map: (80.58.14.235.proxycache.rima-tde.net, Pair (11985, 4))
2020-06-07 21:16:29,831 INFO [main] edu.mum.cs522.project1.InMapperAverageComputation$Map: (calcite.rhyolite.com, Pair (75383, 4))
2020-06-07 21:16:29,831 INFO [main] edu.mum.cs522.project1.InMapperAverageComputation$Map: (66-194-6-71.gen.twtelecom.net, Pair (3169, 1))
2020-06-07 21:16:29,831 INFO [main] edu.mum.cs522.project1.InMapperAverageComputation$Map: (c-24-11-14-147.client.comcast.net, Pair (3947, 2))
2020-06-07 21:16:29,831 INFO [main] edu.mum.cs522.project1.InMapperAverageComputation$Map: (lj1164.inktomisearch.com, Pair (5592, 2))
2020-06-07 21:16:29,831 INFO [main] edu.mum.cs522.project1.InMapperAverageComputation$Map: (61.9.4.61, Pair (7936, 3))
2020-06-07 21:16:29,831 INFO [main] edu.mum.cs522.project1.InMapperAverageComputation$Map: (crawl24-public.alexa.com, Pair (64972, 9))
2020-06-07 21:16:29,831 INFO [main] edu.mum.cs522.project1.InMapperAverageComputation$Map: (user-0c8hdkf.cable.mindspring.com, Pair (26861, 5))
2020-06-07 21:16:29,831 INFO [main] edu.mum.cs522.project1.InMapperAverageComputation$Map: (p5083cd5d.dip0.t-ipconnect.de, Pair (7368, 1))
2020-06-07 21:16:29,831 INFO [main] edu.mum.cs522.project1.InMapperAverageComputation$Map: (h24-71-236-129.ca.shawcable.net, Pair (250905, 51))
2020-06-07 21:16:29,832 INFO [main] edu.mum.cs522.project1.InMapperAverageComputation$Map: (home.yeungs.net, Pair (2300, 1))
2020-06-07 21:16:29,832 INFO [main] edu.mum.cs522.project1.InMapperAverageComputation$Map: (a213-84-36-192.adsl.xs4all.nl, Pair (3169, 1))
2020-06-07 21:16:29,832 INFO [main] edu.mum.cs522.project1.InMapperAverageComputation$Map: (wwwcache.lanl.gov, Pair (2869, 1))
2020-06-07 21:16:29,832 INFO [main] edu.mum.cs522.project1.InMapperAverageComputation$Map: (lj1027.inktomisearch.com, Pair (4824, 2))
2020-06-07 21:16:29,832 INFO [main] edu.mum.cs522.project1.InMapperAverageComputation$Map: (208-186-146-13.nrp3.brv.mn.frontiernet.net, Pair (3378, 2))
2020-06-07 21:16:29,832 INFO [main] edu.mum.cs522.project1.InMapperAverageComputation$Map: (spot.nnacorp.com, Pair (23162, 5))
2020-06-07 21:16:29,832 INFO [main] edu.mum.cs522.project1.InMapperAverageComputation$Map: (206-15-133-181.dialup.ziplink.net, Pair (0, 1))
2020-06-07 21:16:29,832 INFO [main] edu.mum.cs522.project1.InMapperAverageComputation$Map: (adsl-157-26-153.msy.bellsouth.net, Pair (8568, 2))
2020-06-07 21:16:29,832 INFO [main] edu.mum.cs522.project1.InMapperAverageComputation$Map: (lj1007.inktomisearch.com, Pair (68, 1))
2020-06-07 21:16:29,832 INFO [main] edu.mum.cs522.project1.InMapperAverageComputation$Map: (l07v-1-17.d1.club-internet.fr, Pair (3169, 1))
2020-06-07 21:16:29,832 INFO [main] edu.mum.cs522.project1.InMapperAverageComputation$Map: (1513.cps.virtua.com.br, Pair (309, 1))
2020-06-07 21:16:29,832 INFO [main] edu.mum.cs522.project1.InMapperAverageComputation$Map: (pool-68-160-195-60.ny325.east.verizon.net, Pair (18621, 5))
2020-06-07 21:16:29,832 INFO [main] edu.mum.cs522.project1.InMapperAverageComputation$Map: (lj1168.inktomisearch.com, Pair (209, 1))
2020-06-07 21:16:29,832 INFO [main] edu.mum.cs522.project1.InMapperAverageComputation$Map: (80.58.35.111.proxycache.rima-tde.net, Pair (4114, 1))
2020-06-07 21:16:29,832 INFO [main] edu.mum.cs522.project1.InMapperAverageComputation$Map: (195.11.231.210, Pair (6032, 1))
2020-06-07 21:16:29,833 INFO [main] edu.mum.cs522.project1.InMapperAverageComputation$Map: (lj1089.inktomisearch.com, Pair (209, 1))
2020-06-07 21:16:29,833 INFO [main] edu.mum.cs522.project1.InMapperAverageComputation$Map: (lj1073.inktomisearch.com, Pair (418, 2))
2020-06-07 21:16:29,833 INFO [main] edu.mum.cs522.project1.InMapperAverageComputation$Map: (fw.kcm.org, Pair (8568, 2))
2020-06-07 21:16:29,833 INFO [main] edu.mum.cs522.project1.InMapperAverageComputation$Map: (206-15-133-153.dialup.ziplink.net, Pair (0, 1))
2020-06-07 21:16:29,833 INFO [main] edu.mum.cs522.project1.InMapperAverageComputation$Map: (200.160.249.68.bmf.com.br, Pair (13269, 2))
2020-06-07 21:16:29,833 INFO [main] edu.mum.cs522.project1.InMapperAverageComputation$Map: (lj1212.inktomisearch.com, Pair (3169, 1))
2020-06-07 21:16:29,833 INFO [main] edu.mum.cs522.project1.InMapperAverageComputation$Map: (lj1053.inktomisearch.com, Pair (209, 1))
2020-06-07 21:16:29,833 INFO [main] edu.mum.cs522.project1.InMapperAverageComputation$Map: (ns3.vonroll.ch, Pair (17915, 3))
2020-06-07 21:16:29,833 INFO [main] edu.mum.cs522.project1.InMapperAverageComputation$Map: (prxint-sxb3.e-i.net, Pair (129557, 14))
2020-06-07 21:16:29,833 INFO [main] edu.mum.cs522.project1.InMapperAverageComputation$Map: (66-194-6-70.gen.twtelecom.net, Pair (9507, 3))
2020-06-07 21:16:29,833 INFO [main] edu.mum.cs522.project1.InMapperAverageComputation$Map: (pntn02m05-129.bctel.ca, Pair (3095, 1))
2020-06-07 21:16:29,833 INFO [main] edu.mum.cs522.project1.InMapperAverageComputation$Map: (lj1123.inktomisearch.com, Pair (8876, 2))
2020-06-07 21:16:29,833 INFO [main] edu.mum.cs522.project1.InMapperAverageComputation$Map: (ic8234.upco.es, Pair (20941, 4))
2020-06-07 21:16:29,833 INFO [main] edu.mum.cs522.project1.InMapperAverageComputation$Map: (ts04-ip92.hevanet.com, Pair (124082, 28))
2020-06-07 21:16:29,833 INFO [main] edu.mum.cs522.project1.InMapperAverageComputation$Map: (207.195.59.160, Pair (81061, 20))
2020-06-07 21:16:29,833 INFO [main] edu.mum.cs522.project1.InMapperAverageComputation$Map: (pd95f99f2.dip.t-dialin.net, Pair (2869, 1))
2020-06-07 21:16:29,834 INFO [main] edu.mum.cs522.project1.InMapperAverageComputation$Map: (145.253.208.9, Pair (26098, 7))
2020-06-07 21:16:29,834 INFO [main] edu.mum.cs522.project1.InMapperAverageComputation$Map: (mmscrm07-2.sac.overture.com, Pair (204, 3))
2020-06-07 21:16:29,834 INFO [main] edu.mum.cs522.project1.InMapperAverageComputation$Map: (195.246.13.119, Pair (61543, 12))
2020-06-07 21:16:29,834 INFO [main] edu.mum.cs522.project1.InMapperAverageComputation$Map: (h24-71-249-14.ca.shawcable.net, Pair (26904, 6))
2020-06-07 21:16:29,834 INFO [main] edu.mum.cs522.project1.InMapperAverageComputation$Map: (68-174-110-154.nyc.rr.com, Pair (3947, 3))
2020-06-07 21:16:29,834 INFO [main] edu.mum.cs522.project1.InMapperAverageComputation$Map: (vlp181.vlp.fi, Pair (2869, 1))
2020-06-07 21:16:29,834 INFO [main] edu.mum.cs522.project1.InMapperAverageComputation$Map: (64.246.94.152, Pair (0, 1))
2020-06-07 21:16:29,834 INFO [main] edu.mum.cs522.project1.InMapperAverageComputation$Map: (osdlab.eic.nctu.edu.tw, Pair (269, 1))
2020-06-07 21:16:29,834 INFO [main] edu.mum.cs522.project1.InMapperAverageComputation$Map: (h24-68-45-227.gv.shawcable.net, Pair (20356, 3))
2020-06-07 21:16:29,834 INFO [main] edu.mum.cs522.project1.InMapperAverageComputation$Map: (200.222.33.33, Pair (2300, 1))
2020-06-07 21:16:29,834 INFO [main] edu.mum.cs522.project1.InMapperAverageComputation$Map: (194.151.73.43, Pair (43518, 4))
2020-06-07 21:16:29,834 INFO [main] edu.mum.cs522.project1.InMapperAverageComputation$Map: (216-160-111-121.tukw.qwest.net, Pair (27810, 12))
2020-06-07 21:16:29,835 INFO [main] edu.mum.cs522.project1.InMapperAverageComputation$Map: (wc09.mtnk.rnc.net.cable.rogers.com, Pair (32582, 3))
2020-06-07 21:16:29,835 INFO [main] edu.mum.cs522.project1.InMapperAverageComputation$Map: (2-238.cnc.bc.ca, Pair (3169, 1))
2020-06-07 21:16:29,835 INFO [main] edu.mum.cs522.project1.InMapperAverageComputation$Map: (trrc02m01-40.bctel.ca, Pair (12287, 4))
2020-06-07 21:16:29,835 INFO [main] edu.mum.cs522.project1.InMapperAverageComputation$Map: (pd9e50809.dip.t-dialin.net, Pair (2869, 1))
2020-06-07 21:16:29,835 INFO [main] edu.mum.cs522.project1.InMapperAverageComputation$Map: (lj1145.inktomisearch.com, Pair (5239, 4))
2020-06-07 21:16:29,835 INFO [main] edu.mum.cs522.project1.InMapperAverageComputation$Map: (lj1048.inktomisearch.com, Pair (340, 5))
2020-06-07 21:16:29,835 INFO [main] edu.mum.cs522.project1.InMapperAverageComputation$Map: (212.21.228.26, Pair (2869, 1))
2020-06-07 21:16:29,835 INFO [main] edu.mum.cs522.project1.InMapperAverageComputation$Map: (1-729.cnc.bc.ca, Pair (22838, 7))
2020-06-07 21:16:29,835 INFO [main] edu.mum.cs522.project1.InMapperAverageComputation$Map: (64.246.94.141, Pair (0, 1))
2020-06-07 21:16:29,835 INFO [main] edu.mum.cs522.project1.InMapperAverageComputation$Map: (px7wh.vc.shawcable.net, Pair (7649, 1))
2020-06-07 21:16:29,835 INFO [main] edu.mum.cs522.project1.InMapperAverageComputation$Map: (h194n2fls308o1033.telia.com, Pair (0, 1))
2020-06-07 21:16:29,836 INFO [main] edu.mum.cs522.project1.InMapperAverageComputation$Map: (barrie-ppp108371.sympatico.ca, Pair (12067, 4))
2020-06-07 21:16:29,836 INFO [main] edu.mum.cs522.project1.InMapperAverageComputation$Map: (ogw.netinfo.bg, Pair (52402, 19))
2020-06-07 21:16:29,836 INFO [main] edu.mum.cs522.project1.InMapperAverageComputation$Map: (lj1220.inktomisearch.com, Pair (209, 1))
2020-06-07 21:16:29,836 INFO [main] edu.mum.cs522.project1.InMapperAverageComputation$Map: (lj1025.inktomisearch.com, Pair (209, 1))
2020-06-07 21:16:29,836 INFO [main] edu.mum.cs522.project1.InMapperAverageComputation$Map: (korell2.cc.gatech.edu, Pair (2869, 1))
2020-06-07 21:16:29,836 INFO [main] edu.mum.cs522.project1.InMapperAverageComputation$Map: (64-249-27-114.client.dsl.net, Pair (7368, 1))
2020-06-07 21:16:29,836 INFO [main] edu.mum.cs522.project1.InMapperAverageComputation$Map: (mcl02.cnc.bc.ca, Pair (43518, 4))
2020-06-07 21:16:29,836 INFO [main] edu.mum.cs522.project1.InMapperAverageComputation$Map: (80.58.33.42.proxycache.rima-tde.net, Pair (17803, 3))
2020-06-07 21:16:29,836 INFO [main] edu.mum.cs522.project1.InMapperAverageComputation$Map: (2-110.cnc.bc.ca, Pair (87036, 11))
2020-06-07 21:16:29,836 INFO [main] edu.mum.cs522.project1.InMapperAverageComputation$Map: (ip-200-56-225-61-mty.marcatel.net.mx, Pair (2869, 1))
2020-06-07 21:16:29,837 INFO [main] edu.mum.cs522.project1.InMapperAverageComputation$Map: (65-37-13-251.nrp2.roc.ny.frontiernet.net, Pair (27671, 5))
2020-06-07 21:16:29,837 INFO [main] edu.mum.cs522.project1.InMapperAverageComputation$Map: (64-93-34-186.client.dsl.net, Pair (2869, 1))
2020-06-07 21:16:29,837 INFO [main] edu.mum.cs522.project1.InMapperAverageComputation$Map: (203.147.138.233, Pair (28136, 13))
2020-06-07 21:16:29,837 INFO [main] edu.mum.cs522.project1.InMapperAverageComputation$Map: (archserve.id.ucsb.edu, Pair (3947, 2))
2020-06-07 21:16:29,837 INFO [main] edu.mum.cs522.project1.InMapperAverageComputation$Map: (pd9eb1396.dip.t-dialin.net, Pair (2300, 1))
2020-06-07 21:16:29,837 INFO [main] edu.mum.cs522.project1.InMapperAverageComputation$Map: (lj1117.inktomisearch.com, Pair (11180, 3))
2020-06-07 21:16:29,837 INFO [main] edu.mum.cs522.project1.InMapperAverageComputation$Map: (ns.mou.cz, Pair (2300, 1))
2020-06-07 21:16:29,837 INFO [main] edu.mum.cs522.project1.InMapperAverageComputation$Map: (lj1156.inktomisearch.com, Pair (4828, 2))
2020-06-07 21:16:29,837 INFO [main] edu.mum.cs522.project1.InMapperAverageComputation$Map: (lordgun.org, Pair (2869, 1))
2020-06-07 21:16:29,837 INFO [main] edu.mum.cs522.project1.InMapperAverageComputation$Map: (h24-70-56-49.ca.shawcable.net, Pair (27054, 7))
2020-06-07 21:16:29,838 INFO [main] edu.mum.cs522.project1.InMapperAverageComputation$Map: (lj1159.inktomisearch.com, Pair (209, 1))
2020-06-07 21:16:29,838 INFO [main] edu.mum.cs522.project1.InMapperAverageComputation$Map: (ts05-ip44.hevanet.com, Pair (125673, 16))
2020-06-07 21:16:29,838 INFO [main] edu.mum.cs522.project1.InMapperAverageComputation$Map: (lj1000.inktomisearch.com, Pair (7529, 1))
2020-06-07 21:16:29,838 INFO [main] edu.mum.cs522.project1.InMapperAverageComputation$Map: (yongsan-cache.korea.army.mil, Pair (12224, 4))
2020-06-07 21:16:29,838 INFO [main] edu.mum.cs522.project1.InMapperAverageComputation$Map: (pc-030-040.eco.rug.nl, Pair (7368, 1))
2020-06-07 21:16:29,838 INFO [main] edu.mum.cs522.project1.InMapperAverageComputation$Map: (market-mail.panduit.com, Pair (99393, 29))
2020-06-07 21:16:29,838 INFO [main] edu.mum.cs522.project1.InMapperAverageComputation$Map: (1-320.cnc.bc.ca, Pair (43518, 4))
2020-06-07 21:16:29,838 INFO [main] edu.mum.cs522.project1.InMapperAverageComputation$Map: (lj1028.inktomisearch.com, Pair (209, 1))
2020-06-07 21:16:29,838 INFO [main] edu.mum.cs522.project1.InMapperAverageComputation$Map: (64.242.88.10, Pair (5745035, 452))
2020-06-07 21:16:29,838 INFO [main] edu.mum.cs522.project1.InMapperAverageComputation$Map: (fw1.millardref.com, Pair (51879, 7))
2020-06-07 21:16:29,838 INFO [main] edu.mum.cs522.project1.InMapperAverageComputation$Map: (lj1061.inktomisearch.com, Pair (209, 1))
2020-06-07 21:16:29,839 INFO [main] edu.mum.cs522.project1.InMapperAverageComputation$Map: (wc03.mtnk.rnc.net.cable.rogers.com, Pair (10936, 1))
2020-06-07 21:16:29,839 INFO [main] edu.mum.cs522.project1.InMapperAverageComputation$Map: (alille-251-1-2-197.w82-124.abo.wanadoo.fr, Pair (2869, 1))
2020-06-07 21:16:29,839 INFO [main] edu.mum.cs522.project1.InMapperAverageComputation$Map: (nb-bolz.cremona.polimi.it, Pair (2300, 1))
2020-06-07 21:16:29,839 INFO [main] edu.mum.cs522.project1.InMapperAverageComputation$Map: (acbf6930.ipt.aol.com, Pair (11763, 2))
2020-06-07 21:16:29,839 INFO [main] edu.mum.cs522.project1.InMapperAverageComputation$Map: (c-411472d5.04-138-73746f22.cust.bredbandsbolaget.se, Pair (2869, 1))
2020-06-07 21:16:29,839 INFO [main] edu.mum.cs522.project1.InMapperAverageComputation$Map: (lj1016.inktomisearch.com, Pair (209, 1))
2020-06-07 21:16:29,839 INFO [main] edu.mum.cs522.project1.InMapperAverageComputation$Map: (lj1090.inktomisearch.com, Pair (3860, 1))
2020-06-07 21:16:29,839 INFO [main] edu.mum.cs522.project1.InMapperAverageComputation$Map: (c-24-20-163-223.client.comcast.net, Pair (35524, 7))
2020-06-07 21:16:29,839 INFO [main] edu.mum.cs522.project1.InMapperAverageComputation$Map: (ipcorp-c8b07af1.terraempresas.com.br, Pair (7368, 1))
2020-06-07 21:16:29,839 INFO [main] edu.mum.cs522.project1.InMapperAverageComputation$Map: (219.95.17.51, Pair (3169, 1))
2020-06-07 21:16:29,839 INFO [main] edu.mum.cs522.project1.InMapperAverageComputation$Map: (ip68-228-43-49.tc.ph.cox.net, Pair (68712, 22))
2020-06-07 21:16:29,840 INFO [main] edu.mum.cs522.project1.InMapperAverageComputation$Map: (lj1115.inktomisearch.com, Pair (4156, 1))
2020-06-07 21:16:29,845 INFO [main] edu.mum.cs522.project1.InMapperAverageComputation$Map: (grandpa.mmlc.northwestern.edu, Pair (3947, 2))
2020-06-07 21:16:29,845 INFO [main] edu.mum.cs522.project1.InMapperAverageComputation$Map: (lj1018.inktomisearch.com, Pair (209, 1))
2020-06-07 21:16:29,845 INFO [main] edu.mum.cs522.project1.InMapperAverageComputation$Map: (3_343_lt_someone, Pair (62772, 10))
2020-06-07 21:16:29,845 INFO [main] edu.mum.cs522.project1.InMapperAverageComputation$Map: (mail.geovariances.fr, Pair (138281, 23))
2020-06-07 21:16:29,845 INFO [main] edu.mum.cs522.project1.InMapperAverageComputation$Map: (ns.wtbts.org, Pair (27736, 12))
2020-06-07 21:16:29,846 INFO [main] edu.mum.cs522.project1.InMapperAverageComputation$Map: (jacksonproject.cnc.bc.ca, Pair (22650, 8))
2020-06-07 21:16:29,846 INFO [main] edu.mum.cs522.project1.InMapperAverageComputation$Map: (lj1223.inktomisearch.com, Pair (3883, 2))
2020-06-07 21:16:29,846 INFO [main] edu.mum.cs522.project1.InMapperAverageComputation$Map: (cr020r01-3.sac.overture.com, Pair (627328, 44))
2020-06-07 21:16:29,846 INFO [main] edu.mum.cs522.project1.InMapperAverageComputation$Map: (61.165.64.6, Pair (12224, 4))
2020-06-07 21:16:29,846 INFO [main] edu.mum.cs522.project1.InMapperAverageComputation$Map: (12.22.207.235, Pair (7368, 1))
2020-06-07 21:16:29,846 INFO [main] edu.mum.cs522.project1.InMapperAverageComputation$Map: (10.0.0.153, Pair (1200145, 270))
2020-06-07 21:16:29,846 INFO [main] edu.mum.cs522.project1.InMapperAverageComputation$Map: (dsl-80-43-113-44.access.uk.tiscali.com, Pair (7125, 3))
2020-06-07 21:16:29,846 INFO [main] edu.mum.cs522.project1.InMapperAverageComputation$Map: (d97082.upc-d.chello.nl, Pair (7368, 1))
2020-06-07 21:16:29,846 INFO [main] edu.mum.cs522.project1.InMapperAverageComputation$Map: (proxy0.haifa.ac.il, Pair (62152, 19))
2020-06-07 21:16:29,846 INFO [main] edu.mum.cs522.project1.InMapperAverageComputation$Map: (pc3-registry-stockholm.telia.net, Pair (122885, 13))
2020-06-07 21:16:29,846 INFO [main] edu.mum.cs522.project1.InMapperAverageComputation$Map: (lj1160.inktomisearch.com, Pair (0, 1))
2020-06-07 21:16:29,846 INFO [main] edu.mum.cs522.project1.InMapperAverageComputation$Map: (lj1052.inktomisearch.com, Pair (68, 1))
2020-06-07 21:16:29,846 INFO [main] edu.mum.cs522.project1.InMapperAverageComputation$Map: (213.181.81.4, Pair (7649, 1))
2020-06-07 21:16:29,846 INFO [main] edu.mum.cs522.project1.InMapperAverageComputation$Map: (128.227.88.79, Pair (81785, 14))
2020-06-07 21:16:29,846 INFO [main] edu.mum.cs522.project1.InMapperAverageComputation$Map: (0x503e4fce.virnxx2.adsl-dhcp.tele.dk, Pair (3947, 3))
2020-06-07 21:16:29,877 INFO [main] org.apache.hadoop.mapred.MapTask: Starting flush of map output
2020-06-07 21:16:29,877 INFO [main] org.apache.hadoop.mapred.MapTask: Spilling map output
2020-06-07 21:16:29,877 INFO [main] org.apache.hadoop.mapred.MapTask: bufstart = 0; bufend = 5553; bufvoid = 104857600
2020-06-07 21:16:29,877 INFO [main] org.apache.hadoop.mapred.MapTask: kvstart = 26214396(104857584); kvend = 26213712(104854848); length = 685/6553600
2020-06-07 21:16:29,900 INFO [main] org.apache.hadoop.mapred.MapTask: Finished spill 0
2020-06-07 21:16:29,914 INFO [main] org.apache.hadoop.mapred.Task: Task:attempt_1591578330124_0002_m_000000_0 is done. And is in the process of committing
2020-06-07 21:16:29,990 INFO [main] org.apache.hadoop.mapred.Task: Task 'attempt_1591578330124_0002_m_000000_0' done.
