2020-06-07 21:21:07,848 INFO [main] org.apache.hadoop.metrics2.impl.MetricsConfig: loaded properties from hadoop-metrics2.properties
2020-06-07 21:21:07,990 INFO [main] org.apache.hadoop.metrics2.impl.MetricsSystemImpl: Scheduled snapshot period at 10 second(s).
2020-06-07 21:21:07,990 INFO [main] org.apache.hadoop.metrics2.impl.MetricsSystemImpl: ReduceTask metrics system started
2020-06-07 21:21:08,011 INFO [main] org.apache.hadoop.mapred.YarnChild: Executing with tokens:
2020-06-07 21:21:08,011 INFO [main] org.apache.hadoop.mapred.YarnChild: Kind: mapreduce.job, Service: job_1591578330124_0004, Ident: (org.apache.hadoop.mapreduce.security.token.JobTokenIdentifier@95063e9)
2020-06-07 21:21:08,183 INFO [main] org.apache.hadoop.mapred.YarnChild: Sleeping for 0ms before retrying again. Got null now.
2020-06-07 21:21:08,669 INFO [main] org.apache.hadoop.mapred.YarnChild: mapreduce.cluster.local.dir for child: /tmp/hadoop-root/nm-local-dir/usercache/root/appcache/application_1591578330124_0004
2020-06-07 21:21:09,170 INFO [main] org.apache.hadoop.conf.Configuration.deprecation: session.id is deprecated. Instead, use dfs.metrics.session-id
2020-06-07 21:21:09,815 INFO [main] org.apache.hadoop.mapreduce.lib.output.FileOutputCommitter: File Output Committer Algorithm version is 1
2020-06-07 21:21:09,832 INFO [main] org.apache.hadoop.mapred.Task:  Using ResourceCalculatorProcessTree : [ ]
2020-06-07 21:21:09,846 INFO [main] org.apache.hadoop.mapred.ReduceTask: Using ShuffleConsumerPlugin: org.apache.hadoop.mapreduce.task.reduce.Shuffle@75e09c92
2020-06-07 21:21:10,240 INFO [main] org.apache.hadoop.conf.Configuration.deprecation: mapred.skip.on is deprecated. Instead, use mapreduce.job.skiprecords
2020-06-07 21:21:10,250 INFO [main] edu.mum.cs522.project1.part3.StripeAlgo$Reduce: ---REDUCER OUTPUT---
2020-06-07 21:21:10,258 INFO [main] edu.mum.cs522.project1.part3.StripeAlgo$Reduce: <A10, [(B11=0.17391305), (B12=0.2173913), (A12=0.08695652), (D76=0.26086956), (C31=0.26086956)]>
2020-06-07 21:21:10,260 INFO [main] edu.mum.cs522.project1.part3.StripeAlgo$Reduce: <A12, [(B11=0.16666667), (B12=0.25), (A10=0.083333336), (D76=0.16666667), (C31=0.33333334)]>
2020-06-07 21:21:10,261 INFO [main] edu.mum.cs522.project1.part3.StripeAlgo$Reduce: <B11, [(A10=0.10526316), (B12=0.21052632), (A12=0.10526316), (D76=0.21052632), (C31=0.36842105)]>
2020-06-07 21:21:10,261 INFO [main] edu.mum.cs522.project1.part3.StripeAlgo$Reduce: <B12, [(B11=0.26666668), (A10=0.06666667), (A12=0.06666667), (D76=0.2), (C31=0.4)]>
2020-06-07 21:21:10,262 INFO [main] edu.mum.cs522.project1.part3.StripeAlgo$Reduce: <C31, [(B11=0.2), (A10=0.13333334), (B12=0.26666668), (A12=0.13333334), (D76=0.26666668)]>
2020-06-07 21:21:10,263 INFO [main] edu.mum.cs522.project1.part3.StripeAlgo$Reduce: <D76, [(B11=0.22222222), (A10=0.055555556), (B12=0.2777778), (A12=0.11111111), (C31=0.33333334)]>
2020-06-07 21:21:10,537 INFO [main] org.apache.hadoop.mapred.Task: Task:attempt_1591578330124_0004_r_000000_0 is done. And is in the process of committing
2020-06-07 21:21:10,567 INFO [main] org.apache.hadoop.mapred.Task: Task attempt_1591578330124_0004_r_000000_0 is allowed to commit now
2020-06-07 21:21:10,591 INFO [main] org.apache.hadoop.mapreduce.lib.output.FileOutputCommitter: Saved output of task 'attempt_1591578330124_0004_r_000000_0' to hdfs://dafd8627007e:9000/user/cloudera/amazon/output-stripe/_temporary/1/task_1591578330124_0004_r_000000
2020-06-07 21:21:10,609 INFO [main] org.apache.hadoop.mapred.Task: Task 'attempt_1591578330124_0004_r_000000_0' done.
2020-06-07 21:21:10,610 INFO [main] org.apache.hadoop.metrics2.impl.MetricsSystemImpl: Stopping ReduceTask metrics system...
2020-06-07 21:21:10,610 INFO [main] org.apache.hadoop.metrics2.impl.MetricsSystemImpl: ReduceTask metrics system stopped.
2020-06-07 21:21:10,611 INFO [main] org.apache.hadoop.metrics2.impl.MetricsSystemImpl: ReduceTask metrics system shutdown complete.
